Arguments: 
  /usr/bin/node /usr/local/bin/yarn add @react

PATH: 
  /usr/local/sbin:/usr/local/bin:/usr/sbin:/usr/bin:/sbin:/bin:/usr/games:/usr/local/games:/snap/bin

Yarn version: 
  1.19.1

Node version: 
  10.15.2

Platform: 
  linux x64

Trace: 
  Error: https://registry.yarnpkg.com/@react: Request "https://registry.yarnpkg.com/@react" returned a 405
      at Request.params.callback [as _callback] (/usr/local/lib/node_modules/yarn/lib/cli.js:66935:18)
      at Request.self.callback (/usr/local/lib/node_modules/yarn/lib/cli.js:140564:22)
      at Request.emit (events.js:189:13)
      at Request.<anonymous> (/usr/local/lib/node_modules/yarn/lib/cli.js:141536:10)
      at Request.emit (events.js:189:13)
      at IncomingMessage.<anonymous> (/usr/local/lib/node_modules/yarn/lib/cli.js:141458:12)
      at Object.onceWrapper (events.js:277:13)
      at IncomingMessage.emit (events.js:194:15)
      at endReadableNT (_stream_readable.js:1103:12)
      at process._tickCallback (internal/process/next_tick.js:63:19)

npm manifest: 
  No manifest

yarn manifest: 
  No manifest

Lockfile: 
  No lockfile
